::1 - - [02/Jun/2016:08:53:53 +0000] "GET /articles/add HTTP/1.1" 304 - "-" "Mozilla/5.0 (Windows NT 6.1; WOW64) AppleWebKit/537.36 (KHTML, like Gecko) Chrome/50.0.2661.102 Safari/537.36"
::1 - - [02/Jun/2016:08:53:54 +0000] "GET / HTTP/1.1" 302 80 "http://localhost:3000/articles/add" "Mozilla/5.0 (Windows NT 6.1; WOW64) AppleWebKit/537.36 (KHTML, like Gecko) Chrome/50.0.2661.102 Safari/537.36"
::1 - - [02/Jun/2016:08:53:54 +0000] "GET /articles/list/1/2 HTTP/1.1" 304 - "http://localhost:3000/articles/add" "Mozilla/5.0 (Windows NT 6.1; WOW64) AppleWebKit/537.36 (KHTML, like Gecko) Chrome/50.0.2661.102 Safari/537.36"
::1 - - [02/Jun/2016:08:53:55 +0000] "GET /articles/add HTTP/1.1" 304 - "http://localhost:3000/articles/list/1/2" "Mozilla/5.0 (Windows NT 6.1; WOW64) AppleWebKit/537.36 (KHTML, like Gecko) Chrome/50.0.2661.102 Safari/537.36"
::1 - - [02/Jun/2016:08:53:55 +0000] "GET / HTTP/1.1" 302 80 "http://localhost:3000/articles/add" "Mozilla/5.0 (Windows NT 6.1; WOW64) AppleWebKit/537.36 (KHTML, like Gecko) Chrome/50.0.2661.102 Safari/537.36"
::1 - - [02/Jun/2016:08:53:55 +0000] "GET /articles/list/1/2 HTTP/1.1" 304 - "http://localhost:3000/articles/add" "Mozilla/5.0 (Windows NT 6.1; WOW64) AppleWebKit/537.36 (KHTML, like Gecko) Chrome/50.0.2661.102 Safari/537.36"
::1 - - [02/Jun/2016:08:54:43 +0000] "GET /articles/list/1/2 HTTP/1.1" 304 - "http://localhost:3000/articles/add" "Mozilla/5.0 (Windows NT 6.1; WOW64) AppleWebKit/537.36 (KHTML, like Gecko) Chrome/50.0.2661.102 Safari/537.36"
::1 - - [02/Jun/2016:08:54:43 +0000] "GET / HTTP/1.1" 302 80 "http://localhost:3000/articles/list/1/2" "Mozilla/5.0 (Windows NT 6.1; WOW64) AppleWebKit/537.36 (KHTML, like Gecko) Chrome/50.0.2661.102 Safari/537.36"
::1 - - [02/Jun/2016:08:54:43 +0000] "GET /articles/list/1/2 HTTP/1.1" 304 - "http://localhost:3000/articles/list/1/2" "Mozilla/5.0 (Windows NT 6.1; WOW64) AppleWebKit/537.36 (KHTML, like Gecko) Chrome/50.0.2661.102 Safari/537.36"
::1 - - [02/Jun/2016:08:54:44 +0000] "GET / HTTP/1.1" 302 80 "http://localhost:3000/articles/list/1/2" "Mozilla/5.0 (Windows NT 6.1; WOW64) AppleWebKit/537.36 (KHTML, like Gecko) Chrome/50.0.2661.102 Safari/537.36"
::1 - - [02/Jun/2016:08:54:44 +0000] "GET /articles/list/1/2 HTTP/1.1" 304 - "http://localhost:3000/articles/list/1/2" "Mozilla/5.0 (Windows NT 6.1; WOW64) AppleWebKit/537.36 (KHTML, like Gecko) Chrome/50.0.2661.102 Safari/537.36"
::1 - - [02/Jun/2016:08:54:44 +0000] "GET /articles/add HTTP/1.1" 304 - "http://localhost:3000/articles/list/1/2" "Mozilla/5.0 (Windows NT 6.1; WOW64) AppleWebKit/537.36 (KHTML, like Gecko) Chrome/50.0.2661.102 Safari/537.36"
::1 - - [02/Jun/2016:08:54:45 +0000] "GET / HTTP/1.1" 302 80 "http://localhost:3000/articles/add" "Mozilla/5.0 (Windows NT 6.1; WOW64) AppleWebKit/537.36 (KHTML, like Gecko) Chrome/50.0.2661.102 Safari/537.36"
::1 - - [02/Jun/2016:08:54:45 +0000] "GET /articles/list/1/2 HTTP/1.1" 304 - "http://localhost:3000/articles/add" "Mozilla/5.0 (Windows NT 6.1; WOW64) AppleWebKit/537.36 (KHTML, like Gecko) Chrome/50.0.2661.102 Safari/537.36"
::1 - - [02/Jun/2016:08:54:45 +0000] "GET / HTTP/1.1" 302 80 "http://localhost:3000/articles/list/1/2" "Mozilla/5.0 (Windows NT 6.1; WOW64) AppleWebKit/537.36 (KHTML, like Gecko) Chrome/50.0.2661.102 Safari/537.36"
::1 - - [02/Jun/2016:08:54:45 +0000] "GET /articles/list/1/2 HTTP/1.1" 304 - "http://localhost:3000/articles/list/1/2" "Mozilla/5.0 (Windows NT 6.1; WOW64) AppleWebKit/537.36 (KHTML, like Gecko) Chrome/50.0.2661.102 Safari/537.36"
::1 - - [02/Jun/2016:08:54:46 +0000] "GET / HTTP/1.1" 302 80 "http://localhost:3000/articles/list/1/2" "Mozilla/5.0 (Windows NT 6.1; WOW64) AppleWebKit/537.36 (KHTML, like Gecko) Chrome/50.0.2661.102 Safari/537.36"
::1 - - [02/Jun/2016:08:54:46 +0000] "GET /articles/list/1/2 HTTP/1.1" 304 - "http://localhost:3000/articles/list/1/2" "Mozilla/5.0 (Windows NT 6.1; WOW64) AppleWebKit/537.36 (KHTML, like Gecko) Chrome/50.0.2661.102 Safari/537.36"
::1 - - [02/Jun/2016:08:54:47 +0000] "GET /articles/add HTTP/1.1" 304 - "http://localhost:3000/articles/list/1/2" "Mozilla/5.0 (Windows NT 6.1; WOW64) AppleWebKit/537.36 (KHTML, like Gecko) Chrome/50.0.2661.102 Safari/537.36"
::1 - - [02/Jun/2016:08:54:49 +0000] "POST /articles/add HTTP/1.1" 302 46 "http://localhost:3000/articles/add" "Mozilla/5.0 (Windows NT 6.1; WOW64) AppleWebKit/537.36 (KHTML, like Gecko) Chrome/50.0.2661.102 Safari/537.36"
::1 - - [02/Jun/2016:08:54:49 +0000] "GET / HTTP/1.1" 302 80 "http://localhost:3000/articles/add" "Mozilla/5.0 (Windows NT 6.1; WOW64) AppleWebKit/537.36 (KHTML, like Gecko) Chrome/50.0.2661.102 Safari/537.36"
::1 - - [02/Jun/2016:08:54:49 +0000] "GET /articles/list/1/2 HTTP/1.1" 200 4611 "http://localhost:3000/articles/add" "Mozilla/5.0 (Windows NT 6.1; WOW64) AppleWebKit/537.36 (KHTML, like Gecko) Chrome/50.0.2661.102 Safari/537.36"
